0 info it worked if it ends with ok
1 verbose cli [ 'C:\\Program Files\\nodejs\\node.exe',
1 verbose cli   'C:\\Program Files\\nodejs\\node_modules\\npm\\bin\\npm-cli.js',
1 verbose cli   'run',
1 verbose cli   'build' ]
2 info using npm@3.10.3
3 info using node@v6.6.0
4 verbose run-script [ 'prebuild', 'build', 'postbuild' ]
5 info lifecycle lib-match@0.0.5~prebuild: lib-match@0.0.5
6 silly lifecycle lib-match@0.0.5~prebuild: no script for prebuild, continuing
7 info lifecycle lib-match@0.0.5~build: lib-match@0.0.5
8 verbose lifecycle lib-match@0.0.5~build: unsafe-perm in lifecycle true
9 verbose lifecycle lib-match@0.0.5~build: PATH: C:\Users\Administrator\AppData\Roaming\nvm\v6.6.0\node_modules\npm\bin\node-gyp-bin;G:\luobata\lib\lib-match\node_modules\.bin;C:\Program Files\nodejs;C:\ProgramData\Oracle\Java\javapath;C:\Program Files (x86)\Intel\iCLS Client\;C:\Program Files\Intel\iCLS Client\;C:\Windows\system32;C:\Windows;C:\Windows\System32\Wbem;C:\Windows\System32\WindowsPowerShell\v1.0\;C:\Program Files\Intel\Intel(R) Management Engine Components\DAL;C:\Program Files\Intel\Intel(R) Management Engine Components\IPT;C:\Program Files (x86)\Intel\Intel(R) Management Engine Components\DAL;C:\Program Files (x86)\Intel\Intel(R) Management Engine Components\IPT;C:\Program Files (x86)\NVIDIA Corporation\PhysX\Common;C:\Program Files\TortoiseGit\bin;C:\Program Files\TortoiseSVN\bin;F:\Program\ss\shadowsocks;C:\Users\Administrator\AppData\Roaming\nvm;C:\Program Files\nodejs;C:\Program Files\MongoDB\Server\3.4\bin;C:\Users\Administrator\AppData\Roaming\npm;C:\Users\Administrator\AppData\Roaming\nvm;C:\Program Files\nodejs
10 verbose lifecycle lib-match@0.0.5~build: CWD: G:\luobata\lib\lib-match
11 silly lifecycle lib-match@0.0.5~build: Args: [ '/d /s /c', 'node build/build.js' ]
12 silly lifecycle lib-match@0.0.5~build: Returned: code: 1  signal: null
13 info lifecycle lib-match@0.0.5~build: Failed to exec build script
14 verbose stack Error: lib-match@0.0.5 build: `node build/build.js`
14 verbose stack Exit status 1
14 verbose stack     at EventEmitter.<anonymous> (C:\Users\Administrator\AppData\Roaming\nvm\v6.6.0\node_modules\npm\lib\utils\lifecycle.js:242:16)
14 verbose stack     at emitTwo (events.js:106:13)
14 verbose stack     at EventEmitter.emit (events.js:191:7)
14 verbose stack     at ChildProcess.<anonymous> (C:\Users\Administrator\AppData\Roaming\nvm\v6.6.0\node_modules\npm\lib\utils\spawn.js:40:14)
14 verbose stack     at emitTwo (events.js:106:13)
14 verbose stack     at ChildProcess.emit (events.js:191:7)
14 verbose stack     at maybeClose (internal/child_process.js:877:16)
14 verbose stack     at Process.ChildProcess._handle.onexit (internal/child_process.js:226:5)
15 verbose pkgid lib-match@0.0.5
16 verbose cwd G:\luobata\lib\lib-match
17 error Windows_NT 6.1.7601
18 error argv "C:\\Program Files\\nodejs\\node.exe" "C:\\Program Files\\nodejs\\node_modules\\npm\\bin\\npm-cli.js" "run" "build"
19 error node v6.6.0
20 error npm  v3.10.3
21 error code ELIFECYCLE
22 error lib-match@0.0.5 build: `node build/build.js`
22 error Exit status 1
23 error Failed at the lib-match@0.0.5 build script 'node build/build.js'.
23 error Make sure you have the latest version of node.js and npm installed.
23 error If you do, this is most likely a problem with the lib-match package,
23 error not with npm itself.
23 error Tell the author that this fails on your system:
23 error     node build/build.js
23 error You can get information on how to open an issue for this project with:
23 error     npm bugs lib-match
23 error Or if that isn't available, you can get their info via:
23 error     npm owner ls lib-match
23 error There is likely additional logging output above.
24 verbose exit [ 1, true ]
